# JRE version: OpenJDK Runtime Environment Microsoft-25199 (11.0.12+7) (build 11.0.12+7)
# Java VM: OpenJDK 64-Bit Server VM Microsoft-25199 (11.0.12+7, mixed mode, tiered, compressed oops, g1 gc, windows-amd64)
Heap:
 garbage-first heap   total 303104K, used 135859K [0x000000070a200000, 0x0000000800000000)
  region size 1024K, 122 young (124928K), 1 survivors (1024K)
 Metaspace       used 26709K, capacity 27718K, committed 27776K, reserved 1073152K
  class space    used 3284K, capacity 3693K, committed 3712K, reserved 1048576K
GC Heap History (20 events):
Event: 2823.223 GC heap before
{Heap before GC invocations=12238 (full 0):
 garbage-first heap   total 303104K, used 193203K [0x000000070a200000, 0x0000000800000000)
  region size 1024K, 177 young (181248K), 1 survivors (1024K)
 Metaspace       used 26709K, capacity 27718K, committed 27776K, reserved 1073152K
  class space    used 3284K, capacity 3693K, committed 3712K, reserved 1048576K
}
Event: 2823.224 GC heap after
{Heap after GC invocations=12239 (full 0):
 garbage-first heap   total 303104K, used 12977K [0x000000070a200000, 0x0000000800000000)
  region size 1024K, 1 young (1024K), 1 survivors (1024K)
 Metaspace       used 26709K, capacity 27718K, committed 27776K, reserved 1073152K
  class space    used 3284K, capacity 3693K, committed 3712K, reserved 1048576K
}
Event: 2823.474 GC heap before
{Heap before GC invocations=12239 (full 0):
 garbage-first heap   total 303104K, used 193201K [0x000000070a200000, 0x0000000800000000)
  region size 1024K, 177 young (181248K), 1 survivors (1024K)
 Metaspace       used 26709K, capacity 27718K, committed 27776K, reserved 1073152K
  class space    used 3284K, capacity 3693K, committed 3712K, reserved 1048576K
}
Event: 2823.476 GC heap after
{Heap after GC invocations=12240 (full 0):
 garbage-first heap   total 303104K, used 12979K [0x000000070a200000, 0x0000000800000000)
  region size 1024K, 1 young (1024K), 1 survivors (1024K)
 Metaspace       used 26709K, capacity 27718K, committed 27776K, reserved 1073152K
  class space    used 3284K, capacity 3693K, committed 3712K, reserved 1048576K
}
Event: 2823.723 GC heap before
{Heap before GC invocations=12240 (full 0):
 garbage-first heap   total 303104K, used 193203K [0x000000070a200000, 0x0000000800000000)
  region size 1024K, 177 young (181248K), 1 survivors (1024K)
 Metaspace       used 26709K, capacity 27718K, committed 27776K, reserved 1073152K
  class space    used 3284K, capacity 3693K, committed 3712K, reserved 1048576K
}
Event: 2823.724 GC heap after
{Heap after GC invocations=12241 (full 0):
 garbage-first heap   total 303104K, used 12979K [0x000000070a200000, 0x0000000800000000)
  region size 1024K, 1 young (1024K), 1 survivors (1024K)
 Metaspace       used 26709K, capacity 27718K, committed 27776K, reserved 1073152K
  class space    used 3284K, capacity 3693K, committed 3712K, reserved 1048576K
}
Event: 2823.974 GC heap before
{Heap before GC invocations=12241 (full 0):
 garbage-first heap   total 303104K, used 193203K [0x000000070a200000, 0x0000000800000000)
  region size 1024K, 177 young (181248K), 1 survivors (1024K)
 Metaspace       used 26709K, capacity 27718K, committed 27776K, reserved 1073152K
  class space    used 3284K, capacity 3693K, committed 3712K, reserved 1048576K
}
Event: 2823.976 GC heap after
{Heap after GC invocations=12242 (full 0):
 garbage-first heap   total 303104K, used 12979K [0x000000070a200000, 0x0000000800000000)
  region size 1024K, 1 young (1024K), 1 survivors (1024K)
 Metaspace       used 26709K, capacity 27718K, committed 27776K, reserved 1073152K
  class space    used 3284K, capacity 3693K, committed 3712K, reserved 1048576K
}
Event: 2824.220 GC heap before
{Heap before GC invocations=12242 (full 0):
 garbage-first heap   total 303104K, used 193203K [0x000000070a200000, 0x0000000800000000)
  region size 1024K, 177 young (181248K), 1 survivors (1024K)
 Metaspace       used 26709K, capacity 27718K, committed 27776K, reserved 1073152K
  class space    used 3284K, capacity 3693K, committed 3712K, reserved 1048576K
}
Event: 2824.221 GC heap after
{Heap after GC invocations=12243 (full 0):
 garbage-first heap   total 303104K, used 12979K [0x000000070a200000, 0x0000000800000000)
  region size 1024K, 1 young (1024K), 1 survivors (1024K)
 Metaspace       used 26709K, capacity 27718K, committed 27776K, reserved 1073152K
  class space    used 3284K, capacity 3693K, committed 3712K, reserved 1048576K
}
Event: 2824.467 GC heap before
{Heap before GC invocations=12243 (full 0):
 garbage-first heap   total 303104K, used 193203K [0x000000070a200000, 0x0000000800000000)
  region size 1024K, 177 young (181248K), 1 survivors (1024K)
 Metaspace       used 26709K, capacity 27718K, committed 27776K, reserved 1073152K
  class space    used 3284K, capacity 3693K, committed 3712K, reserved 1048576K
}
Event: 2824.468 GC heap after
{Heap after GC invocations=12244 (full 0):
 garbage-first heap   total 303104K, used 12979K [0x000000070a200000, 0x0000000800000000)
  region size 1024K, 1 young (1024K), 1 survivors (1024K)
 Metaspace       used 26709K, capacity 27718K, committed 27776K, reserved 1073152K
  class space    used 3284K, capacity 3693K, committed 3712K, reserved 1048576K
}
Event: 2824.715 GC heap before
{Heap before GC invocations=12244 (full 0):
 garbage-first heap   total 303104K, used 193203K [0x000000070a200000, 0x0000000800000000)
  region size 1024K, 177 young (181248K), 1 survivors (1024K)
 Metaspace       used 26709K, capacity 27718K, committed 27776K, reserved 1073152K
  class space    used 3284K, capacity 3693K, committed 3712K, reserved 1048576K
}
Event: 2824.716 GC heap after
{Heap after GC invocations=12245 (full 0):
 garbage-first heap   total 303104K, used 12979K [0x000000070a200000, 0x0000000800000000)
  region size 1024K, 1 young (1024K), 1 survivors (1024K)
 Metaspace       used 26709K, capacity 27718K, committed 27776K, reserved 1073152K
  class space    used 3284K, capacity 3693K, committed 3712K, reserved 1048576K
}
Event: 2824.962 GC heap before
{Heap before GC invocations=12245 (full 0):
 garbage-first heap   total 303104K, used 193203K [0x000000070a200000, 0x0000000800000000)
  region size 1024K, 177 young (181248K), 1 survivors (1024K)
 Metaspace       used 26709K, capacity 27718K, committed 27776K, reserved 1073152K
  class space    used 3284K, capacity 3693K, committed 3712K, reserved 1048576K
}
Event: 2824.963 GC heap after
{Heap after GC invocations=12246 (full 0):
 garbage-first heap   total 303104K, used 12979K [0x000000070a200000, 0x0000000800000000)
  region size 1024K, 1 young (1024K), 1 survivors (1024K)
 Metaspace       used 26709K, capacity 27718K, committed 27776K, reserved 1073152K
  class space    used 3284K, capacity 3693K, committed 3712K, reserved 1048576K
}
Event: 2825.211 GC heap before
{Heap before GC invocations=12246 (full 0):
 garbage-first heap   total 303104K, used 193203K [0x000000070a200000, 0x0000000800000000)
  region size 1024K, 177 young (181248K), 1 survivors (1024K)
 Metaspace       used 26709K, capacity 27718K, committed 27776K, reserved 1073152K
  class space    used 3284K, capacity 3693K, committed 3712K, reserved 1048576K
}
Event: 2825.212 GC heap after
{Heap after GC invocations=12247 (full 0):
 garbage-first heap   total 303104K, used 12979K [0x000000070a200000, 0x0000000800000000)
  region size 1024K, 1 young (1024K), 1 survivors (1024K)
 Metaspace       used 26709K, capacity 27718K, committed 27776K, reserved 1073152K
  class space    used 3284K, capacity 3693K, committed 3712K, reserved 1048576K
}
Event: 2825.457 GC heap before
{Heap before GC invocations=12247 (full 0):
 garbage-first heap   total 303104K, used 193203K [0x000000070a200000, 0x0000000800000000)
  region size 1024K, 177 young (181248K), 1 survivors (1024K)
 Metaspace       used 26709K, capacity 27718K, committed 27776K, reserved 1073152K
  class space    used 3284K, capacity 3693K, committed 3712K, reserved 1048576K
}
Event: 2825.458 GC heap after
{Heap after GC invocations=12248 (full 0):
 garbage-first heap   total 303104K, used 12979K [0x000000070a200000, 0x0000000800000000)
  region size 1024K, 1 young (1024K), 1 survivors (1024K)
 Metaspace       used 26709K, capacity 27718K, committed 27776K, reserved 1073152K
  class space    used 3284K, capacity 3693K, committed 3712K, reserved 1048576K
}

